AndroidProject/app/build/outputs/logs/manifest-merger-debug-report.txt
-- Merging decision tree log ---
manifest
ADDED from src/main/AndroidManifest.xml:1:1-104:12
	package
		ADDED from src/main/AndroidManifest.xml:2:5-41
		INJECTED from src/main/AndroidManifest.xml
		INJECTED from src/main/AndroidManifest.xml
	android:versionName
		ADDED from src/main/AndroidManifest.xml:4:5-30
		INJECTED from src/main/AndroidManifest.xml
		INJECTED from src/main/AndroidManifest.xml
	android:versionCode
		ADDED from src/main/AndroidManifest.xml:3:5-28
		INJECTED from src/main/AndroidManifest.xml
		INJECTED from src/main/AndroidManifest.xml
	xmlns:android
		ADDED from src/main/AndroidManifest.xml:1:11-69
uses-sdk
ADDED from src/main/AndroidManifest.xml:6:5-8:41
MERGED from [com.android.support:support-v4:23.0.0] AndroidManifest.xml:20:5-43
	android:targetSdkVersion
		ADDED from src/main/AndroidManifest.xml:8:9-38
		INJECTED from src/main/AndroidManifest.xml
		INJECTED from src/main/AndroidManifest.xml
	android:minSdkVersion
		ADDED from src/main/AndroidManifest.xml:7:9-34
		INJECTED from src/main/AndroidManifest.xml
		INJECTED from src/main/AndroidManifest.xml
application
ADDED from src/main/AndroidManifest.xml:10:5-102:19
MERGED from [com.android.support:support-v4:23.0.0] AndroidManifest.xml:22:5-20
	android:label
		ADDED from src/main/AndroidManifest.xml:12:9-41
	android:icon
		ADDED from src/main/AndroidManifest.xml:11:9-42
	android:theme
		ADDED from src/main/AndroidManifest.xml:13:9-40
activity#com.android.androidproject.Splash
ADDED from src/main/AndroidManifest.xml:14:9-22:20
	android:label
		ADDED from src/main/AndroidManifest.xml:16:13-51
	android:name
		ADDED from src/main/AndroidManifest.xml:15:13-61
intent-filter#android.intent.action.MAIN+android.intent.category.LAUNCHER
ADDED from src/main/AndroidManifest.xml:17:13-21:29
action#android.intent.action.MAIN
ADDED from src/main/AndroidManifest.xml:18:17-69
	android:name
		ADDED from src/main/AndroidManifest.xml:18:25-66
category#android.intent.category.LAUNCHER
ADDED from src/main/AndroidManifest.xml:20:17-77
	android:name
		ADDED from src/main/AndroidManifest.xml:20:27-74
activity#com.android.androidproject.MainActivity
ADDED from src/main/AndroidManifest.xml:23:9-31:20
	android:label
		ADDED from src/main/AndroidManifest.xml:25:13-51
	android:name
		ADDED from src/main/AndroidManifest.xml:24:13-67
intent-filter#android.intent.category.DEFAULT+com.MathAssessment.MAINACTIVITY
ADDED from src/main/AndroidManifest.xml:26:13-30:29
action#com.MathAssessment.MAINACTIVITY
ADDED from src/main/AndroidManifest.xml:27:17-74
	android:name
		ADDED from src/main/AndroidManifest.xml:27:25-71
category#android.intent.category.DEFAULT
ADDED from src/main/AndroidManifest.xml:29:17-76
	android:name
		ADDED from src/main/AndroidManifest.xml:29:27-73
activity#com.android.androidproject.AdditionSkill
ADDED from src/main/AndroidManifest.xml:32:9-37:20
	android:name
		ADDED from src/main/AndroidManifest.xml:33:13-68
intent-filter#com.MathAssessment.ADDITIONSKILL
ADDED from src/main/AndroidManifest.xml:34:13-36:29
action#com.MathAssessment.ADDITIONSKILL
ADDED from src/main/AndroidManifest.xml:35:17-75
	android:name
		ADDED from src/main/AndroidManifest.xml:35:25-72
activity#com.android.androidproject.SubtractionSkill
ADDED from src/main/AndroidManifest.xml:38:9-44:20
	android:label
		ADDED from src/main/AndroidManifest.xml:40:13-45
	android:name
		ADDED from src/main/AndroidManifest.xml:39:13-71
intent-filter#com.MathAssessment.SUBTRACTIONSKILL
ADDED from src/main/AndroidManifest.xml:41:13-43:29
action#com.MathAssessment.SUBTRACTIONSKILL
ADDED from src/main/AndroidManifest.xml:42:17-78
	android:name
		ADDED from src/main/AndroidManifest.xml:42:25-75
activity#com.android.androidproject.MultiplicationSkill
ADDED from src/main/AndroidManifest.xml:45:9-51:20
	android:label
		ADDED from src/main/AndroidManifest.xml:47:13-45
	android:name
		ADDED from src/main/AndroidManifest.xml:46:13-74
intent-filter#com.MathAssessment.MULTIPLICATIONSKILL
ADDED from src/main/AndroidManifest.xml:48:13-50:29
action#com.MathAssessment.MULTIPLICATIONSKILL
ADDED from src/main/AndroidManifest.xml:49:17-81
	android:name
		ADDED from src/main/AndroidManifest.xml:49:25-78
activity#com.android.androidproject.DivisionSkill
ADDED from src/main/AndroidManifest.xml:52:9-58:20
	android:label
		ADDED from src/main/AndroidManifest.xml:54:13-45
	android:name
		ADDED from src/main/AndroidManifest.xml:53:13-68
intent-filter#com.MathAssessment.DIVISIONSKILL
ADDED from src/main/AndroidManifest.xml:55:13-57:29
action#com.MathAssessment.DIVISIONSKILL
ADDED from src/main/AndroidManifest.xml:56:17-75
	android:name
		ADDED from src/main/AndroidManifest.xml:56:25-72
activity#com.android.androidproject.Levels
ADDED from src/main/AndroidManifest.xml:59:9-66:20
	android:label
		ADDED from src/main/AndroidManifest.xml:61:13-43
	android:theme
		ADDED from src/main/AndroidManifest.xml:62:13-56
	android:name
		ADDED from src/main/AndroidManifest.xml:60:13-61
intent-filter#com.MathAssessment.LEVELS
ADDED from src/main/AndroidManifest.xml:63:13-65:29
action#com.MathAssessment.LEVELS
ADDED from src/main/AndroidManifest.xml:64:17-68
	android:name
		ADDED from src/main/AndroidManifest.xml:64:25-65
activity#com.android.androidproject.Questions
ADDED from src/main/AndroidManifest.xml:67:9-73:20
	android:label
		ADDED from src/main/AndroidManifest.xml:69:13-46
	android:name
		ADDED from src/main/AndroidManifest.xml:68:13-64
intent-filter#com.MathAssessment.QUESTIONS
ADDED from src/main/AndroidManifest.xml:70:13-72:29
action#com.MathAssessment.QUESTIONS
ADDED from src/main/AndroidManifest.xml:71:17-71
	android:name
		ADDED from src/main/AndroidManifest.xml:71:25-68
activity#com.android.androidproject.AboutUs
ADDED from src/main/AndroidManifest.xml:74:9-81:20
	android:label
		ADDED from src/main/AndroidManifest.xml:76:13-44
	android:theme
		ADDED from src/main/AndroidManifest.xml:77:13-56
	android:name
		ADDED from src/main/AndroidManifest.xml:75:13-62
intent-filter#com.MathAssessment.ABOUTUS
ADDED from src/main/AndroidManifest.xml:78:13-80:29
action#com.MathAssessment.ABOUTUS
ADDED from src/main/AndroidManifest.xml:79:17-69
	android:name
		ADDED from src/main/AndroidManifest.xml:79:25-66
activity#com.android.androidproject.Score
ADDED from src/main/AndroidManifest.xml:82:9-86:20
	android:label
		ADDED from src/main/AndroidManifest.xml:84:13-47
	android:name
		ADDED from src/main/AndroidManifest.xml:83:13-60
activity#com.android.androidproject.LessGraeterThan
ADDED from src/main/AndroidManifest.xml:87:9-91:20
	android:label
		ADDED from src/main/AndroidManifest.xml:89:13-47
	android:name
		ADDED from src/main/AndroidManifest.xml:88:13-70
activity#com.android.androidproject.HomeActivity
ADDED from src/main/AndroidManifest.xml:92:9-96:20
	android:label
		ADDED from src/main/AndroidManifest.xml:94:13-47
	android:name
		ADDED from src/main/AndroidManifest.xml:93:13-67
activity#com.android.androidproject.SignUPActivity
ADDED from src/main/AndroidManifest.xml:97:9-101:20
	android:label
		ADDED from src/main/AndroidManifest.xml:99:13-47
	android:name
		ADDED from src/main/AndroidManifest.xml:98:13-69